<?xml version="1.0" encoding="UTF-8"?>
<testsuite xmlns:xsi="http://www.w3.org/2001/XMLSchema-instance" xsi:noNamespaceSchemaLocation="https://maven.apache.org/surefire/maven-surefire-plugin/xsd/surefire-test-report-3.0.xsd" version="3.0" name="com.payment.service.PaymentServiceTest" time="3.459" tests="3" errors="0" skipped="0" failures="0">
  <properties>
[...]
</properties>
  <testcase name="shouldRetrievePaymentById" classname="com.payment.service.PaymentServiceTest" time="1.643">
    <system-out><![CDATA[2026-03-27 16:43:16.458 [main] [] INFO  o.s.t.c.s.AnnotationConfigContextLoaderUtils - Could not detect default configuration classes for test class [com.payment.service.PaymentServiceTest]: PaymentServiceTest does not declare any static, non-private, non-final, nested classes annotated with @Configuration.
2026-03-27 16:43:16.469 [main] [] INFO  o.s.b.t.c.SpringBootTestContextBootstrapper - Found @SpringBootConfiguration com.payment.PaymentApplication for test class com.payment.service.PaymentServiceTest
2026-03-27 16:43:16.478 [main] [] INFO  com.payment.service.PaymentService - Creating PaymentIntent: 74d1b10d-ca20-46dc-b29d-38912073ff28 for amount 500 usd
2026-03-27 16:43:18.110 [main] [] INFO  com.payment.service.PaymentService - PaymentIntent created: pi_3TFYKICbeSPRw4Mu06JBIBeY
]]></system-out>
  </testcase>
  <testcase name="shouldProcessPaymentWithTestCard" classname="com.payment.service.PaymentServiceTest" time="1.283">
    <system-out><![CDATA[2026-03-27 16:43:18.122 [main] [] INFO  com.payment.service.PaymentService - Processing payment: 5189c724-4ba7-44b3-bd51-2349d9d48b1e for amount 2000 usd
2026-03-27 16:43:19.400 [main] [] INFO  com.payment.service.PaymentService - Payment processed: pi_3TFYKICbeSPRw4Mu0bXqLdLp with status: SUCCESS
]]></system-out>
  </testcase>
  <testcase name="shouldCreatePaymentIntent" classname="com.payment.service.PaymentServiceTest" time="0.51">
    <system-out><![CDATA[2026-03-27 16:43:19.405 [main] [] INFO  com.payment.service.PaymentService - Creating PaymentIntent: f5ec1a39-5cd3-47d3-9397-76f1f225e874 for amount 1000 usd
2026-03-27 16:43:19.911 [main] [] INFO  com.payment.service.PaymentService - PaymentIntent created: pi_3TFYKKCbeSPRw4Mu0PnA34Mq
]]></system-out>
  </testcase>
</testsuite>