<?xml version="1.0" encoding="UTF-8"?>
<testsuite xmlns:xsi="http://www.w3.org/2001/XMLSchema-instance" xsi:noNamespaceSchemaLocation="https://maven.apache.org/surefire/maven-surefire-plugin/xsd/surefire-test-report-3.0.xsd" version="3.0" name="com.payment.PaymentApplicationTests" time="3.581" tests="1" errors="0" skipped="0" failures="0">
  <properties>
[...]
</properties>
  <testcase name="contextLoads" classname="com.payment.PaymentApplicationTests" time="0.809">
    <system-out><![CDATA[16:43:13.059 [main] INFO org.springframework.test.context.support.AnnotationConfigContextLoaderUtils -- Could not detect default configuration classes for test class [com.payment.PaymentApplicationTests]: PaymentApplicationTests does not declare any static, non-private, non-final, nested classes annotated with @Configuration.
16:43:13.182 [main] INFO org.springframework.boot.test.context.SpringBootTestContextBootstrapper -- Found @SpringBootConfiguration com.payment.PaymentApplication for test class com.payment.PaymentApplicationTests

  .   ____          _            __ _ _
 /\\ / ___'_ __ _ _(_)_ __  __ _ \ \ \ \
( ( )\___ | '_ | '_| | '_ \/ _` | \ \ \ \
 \\/  ___)| |_)| | | | | || (_| |  ) ) ) )
  '  |____| .__|_| |_|_| |_\__, | / / / /
 =========|_|==============|___/=/_/_/_/
 :: Spring Boot ::                (v3.2.5)

2026-03-27 16:43:13.665 [main] [] INFO  com.payment.PaymentApplicationTests - Starting PaymentApplicationTests using Java 21.0.9 with PID 11716 (started by User in C:\Users\User\Documents\Group19-Payment.Processing.System-main (2)\Group19-Payment.Processing.System-main\payment-gateway)
2026-03-27 16:43:13.666 [main] [] DEBUG com.payment.PaymentApplicationTests - Running with Spring Boot v3.2.5, Spring v6.1.6
2026-03-27 16:43:13.668 [main] [] INFO  com.payment.PaymentApplicationTests - No active profile set, falling back to 1 default profile: "default"
2026-03-27 16:43:14.705 [main] [] INFO  com.payment.config.StripeConfig - Stripe SDK initialized with API key: sk_test_51TF...
2026-03-27 16:43:14.707 [main] [] INFO  com.payment.config.TimezoneConfig - Application timezone set to: Asia/Colombo (UTC+5:30)
2026-03-27 16:43:14.929 [main] [] INFO  o.s.b.a.w.s.WelcomePageHandlerMapping - Adding welcome page: class path resource [static/index.html]
2026-03-27 16:43:15.455 [main] [] INFO  o.s.b.a.e.web.EndpointLinksResolver - Exposing 3 endpoint(s) beneath base path '/actuator'
2026-03-27 16:43:15.540 [main] [] INFO  com.payment.PaymentApplicationTests - Started PaymentApplicationTests in 2.183 seconds (process running for 3.287)
]]></system-out>
    <system-err><![CDATA[WARNING: A Java agent has been loaded dynamically (C:\Users\User\.m2\repository\net\bytebuddy\byte-buddy-agent\1.14.13\byte-buddy-agent-1.14.13.jar)
WARNING: If a serviceability tool is in use, please run with -XX:+EnableDynamicAgentLoading to hide this warning
WARNING: If a serviceability tool is not in use, please run with -Djdk.instrument.traceUsage for more information
WARNING: Dynamic loading of agents will be disallowed by default in a future release
]]></system-err>
  </testcase>
</testsuite>